<?xml version="1.0" encoding="UTF-8"?>
<testng-results ignored="0" total="1" passed="1" failed="0" skipped="0">
  <reporter-output>
  </reporter-output>
  <suite started-at="2023-06-15T21:52:46 IST" name="Default suite" finished-at="2023-06-15T21:53:55 IST" duration-ms="69280">
    <groups>
    </groups>
    <test started-at="2023-06-15T21:52:46 IST" name="Default test" finished-at="2023-06-15T21:53:55 IST" duration-ms="69280">
      <class name="demoapp.Sauce_demo">
        <test-method is-config="true" signature="beforeclass()[pri:0, instance:demoapp.Sauce_demo@65c7a252]" started-at="2023-06-15T21:52:46 IST" name="beforeclass" finished-at="2023-06-15T21:52:55 IST" duration-ms="9000" status="PASS">
          <reporter-output>
          </reporter-output>
        </test-method> <!-- beforeclass -->
        <test-method signature="login()[pri:0, instance:demoapp.Sauce_demo@65c7a252]" started-at="2023-06-15T21:52:55 IST" name="login" finished-at="2023-06-15T21:53:54 IST" duration-ms="59290" status="PASS">
          <reporter-output>
          </reporter-output>
        </test-method> <!-- login -->
        <test-method is-config="true" signature="teardown()[pri:0, instance:demoapp.Sauce_demo@65c7a252]" started-at="2023-06-15T21:53:54 IST" name="teardown" finished-at="2023-06-15T21:53:55 IST" duration-ms="849" status="PASS">
          <reporter-output>
          </reporter-output>
        </test-method> <!-- teardown -->
      </class> <!-- demoapp.Sauce_demo -->
    </test> <!-- Default test -->
  </suite> <!-- Default suite -->
</testng-results>
